versionName=1.0.190926
versionCode=1
BOARD=sdm710
BOOTLOADER=unknown
BRAND=Xiaomi
CPU_ABI=arm64-v8a
CPU_ABI2=
DEVICE=sirius
DISPLAY=OPM1.171019.019
FINGERPRINT=Xiaomi/sirius/sirius:8.1.0/OPM1.171019.019/V9.5.10.0.OEBCNFA:user/release-keys
HARDWARE=qcom
HOST=c3-miui-ota-bd148.bj
ID=OPM1.171019.019
IS_CONTAINER=false
IS_DEBUGGABLE=false
IS_EMULATOR=false
IS_ENG=false
IS_TREBLE_ENABLED=true
IS_USER=true
IS_USERDEBUG=false
MANUFACTURER=Xiaomi
MODEL=MI 8 SE
PERMISSIONS_REVIEW_REQUIRED=false
PRODUCT=sirius
RADIO=unknown
SERIAL=feab6adb
SUPPORTED_32_BIT_ABIS=[armeabi-v7a, armeabi]
SUPPORTED_64_BIT_ABIS=[arm64-v8a]
SUPPORTED_ABIS=[arm64-v8a, armeabi-v7a, armeabi]
TAG=Build
TAGS=release-keys
TIME=1531403018000
TYPE=user
UNKNOWN=unknown
USER=builder
ACTIVE_CODENAMES=[]
ALL_CODENAMES=[REL]
BASE_OS=
CODENAME=REL
INCREMENTAL=V9.5.10.0.OEBCNFA
PREVIEW_SDK_INT=0
RELEASE=8.1.0
RESOURCES_SDK_INT=27
SDK=27
SDK_INT=27
SECURITY_PATCH=2018-06-01
android.view.InflateException: Binary XML file line #22: Binary XML file line #22: Error inflating class com.osfans.trime.KeyboardView
Caused by: android.view.InflateException: Binary XML file line #22: Error inflating class com.osfans.trime.KeyboardView
Caused by: java.lang.reflect.InvocationTargetException
	at java.lang.reflect.Constructor.newInstance0(Native Method)
	at java.lang.reflect.Constructor.newInstance(Constructor.java:334)
	at android.view.LayoutInflater.createView(LayoutInflater.java:651)
	at android.view.LayoutInflater.createViewFromTag(LayoutInflater.java:794)
	at android.view.LayoutInflater.createViewFromTag(LayoutInflater.java:734)
	at android.view.LayoutInflater.inflate(LayoutInflater.java:496)
	at android.view.LayoutInflater.inflate(LayoutInflater.java:427)
	at android.view.LayoutInflater.inflate(LayoutInflater.java:374)
	at com.osfans.trime.Trime.onCreateInputView(Unknown Source:15)
	at android.inputmethodservice.InputMethodService.updateInputViewShown(InputMethodService.java:1262)
	at android.inputmethodservice.InputMethodService.showWindowInner(InputMethodService.java:1656)
	at android.inputmethodservice.InputMethodService.showWindow(InputMethodService.java:1624)
	at com.osfans.trime.Trime.showWindow(Unknown Source:0)
	at android.inputmethodservice.InputMethodService$InputMethodImpl.showSoftInput(InputMethodService.java:475)
	at android.inputmethodservice.IInputMethodWrapper.executeMessage(IInputMethodWrapper.java:196)
	at com.android.internal.os.HandlerCaller$MyHandler.handleMessage(HandlerCaller.java:37)
	at android.os.Handler.dispatchMessage(Handler.java:106)
	at android.os.Looper.loop(Looper.java:164)
	at android.app.ActivityThread.main(ActivityThread.java:6618)
	at java.lang.reflect.Method.invoke(Native Method)
	at com.android.internal.os.RuntimeInit$MethodAndArgsCaller.run(RuntimeInit.java:518)
	at com.android.internal.os.ZygoteInit.main(ZygoteInit.java:822)
Caused by: java.lang.NullPointerException: Attempt to invoke interface method 'java.lang.Object java.util.Map.get(java.lang.Object)' on a null object reference
	at com.osfans.trime.e.b(Unknown Source:16)
	at com.osfans.trime.KeyboardView.g(Unknown Source:45)
	at com.osfans.trime.KeyboardView.<init>(Unknown Source:189)
	... 22 more
android.view.InflateException: Binary XML file line #22: Error inflating class com.osfans.trime.KeyboardView
Caused by: java.lang.reflect.InvocationTargetException
	at java.lang.reflect.Constructor.newInstance0(Native Method)
	at java.lang.reflect.Constructor.newInstance(Constructor.java:334)
	at android.view.LayoutInflater.createView(LayoutInflater.java:651)
	at android.view.LayoutInflater.createViewFromTag(LayoutInflater.java:794)
	at android.view.LayoutInflater.createViewFromTag(LayoutInflater.java:734)
	at android.view.LayoutInflater.inflate(LayoutInflater.java:496)
	at android.view.LayoutInflater.inflate(LayoutInflater.java:427)
	at android.view.LayoutInflater.inflate(LayoutInflater.java:374)
	at com.osfans.trime.Trime.onCreateInputView(Unknown Source:15)
	at android.inputmethodservice.InputMethodService.updateInputViewShown(InputMethodService.java:1262)
	at android.inputmethodservice.InputMethodService.showWindowInner(InputMethodService.java:1656)
	at android.inputmethodservice.InputMethodService.showWindow(InputMethodService.java:1624)
	at com.osfans.trime.Trime.showWindow(Unknown Source:0)
	at android.inputmethodservice.InputMethodService$InputMethodImpl.showSoftInput(InputMethodService.java:475)
	at android.inputmethodservice.IInputMethodWrapper.executeMessage(IInputMethodWrapper.java:196)
	at com.android.internal.os.HandlerCaller$MyHandler.handleMessage(HandlerCaller.java:37)
	at android.os.Handler.dispatchMessage(Handler.java:106)
	at android.os.Looper.loop(Looper.java:164)
	at android.app.ActivityThread.main(ActivityThread.java:6618)
	at java.lang.reflect.Method.invoke(Native Method)
	at com.android.internal.os.RuntimeInit$MethodAndArgsCaller.run(RuntimeInit.java:518)
	at com.android.internal.os.ZygoteInit.main(ZygoteInit.java:822)
Caused by: java.lang.NullPointerException: Attempt to invoke interface method 'java.lang.Object java.util.Map.get(java.lang.Object)' on a null object reference
	at com.osfans.trime.e.b(Unknown Source:16)
	at com.osfans.trime.KeyboardView.g(Unknown Source:45)
	at com.osfans.trime.KeyboardView.<init>(Unknown Source:189)
	... 22 more
java.lang.reflect.InvocationTargetException
	at java.lang.reflect.Constructor.newInstance0(Native Method)
	at java.lang.reflect.Constructor.newInstance(Constructor.java:334)
	at android.view.LayoutInflater.createView(LayoutInflater.java:651)
	at android.view.LayoutInflater.createViewFromTag(LayoutInflater.java:794)
	at android.view.LayoutInflater.createViewFromTag(LayoutInflater.java:734)
	at android.view.LayoutInflater.inflate(LayoutInflater.java:496)
	at android.view.LayoutInflater.inflate(LayoutInflater.java:427)
	at android.view.LayoutInflater.inflate(LayoutInflater.java:374)
	at com.osfans.trime.Trime.onCreateInputView(Unknown Source:15)
	at android.inputmethodservice.InputMethodService.updateInputViewShown(InputMethodService.java:1262)
	at android.inputmethodservice.InputMethodService.showWindowInner(InputMethodService.java:1656)
	at android.inputmethodservice.InputMethodService.showWindow(InputMethodService.java:1624)
	at com.osfans.trime.Trime.showWindow(Unknown Source:0)
	at android.inputmethodservice.InputMethodService$InputMethodImpl.showSoftInput(InputMethodService.java:475)
	at android.inputmethodservice.IInputMethodWrapper.executeMessage(IInputMethodWrapper.java:196)
	at com.android.internal.os.HandlerCaller$MyHandler.handleMessage(HandlerCaller.java:37)
	at android.os.Handler.dispatchMessage(Handler.java:106)
	at android.os.Looper.loop(Looper.java:164)
	at android.app.ActivityThread.main(ActivityThread.java:6618)
	at java.lang.reflect.Method.invoke(Native Method)
	at com.android.internal.os.RuntimeInit$MethodAndArgsCaller.run(RuntimeInit.java:518)
	at com.android.internal.os.ZygoteInit.main(ZygoteInit.java:822)
Caused by: java.lang.NullPointerException: Attempt to invoke interface method 'java.lang.Object java.util.Map.get(java.lang.Object)' on a null object reference
	at com.osfans.trime.e.b(Unknown Source:16)
	at com.osfans.trime.KeyboardView.g(Unknown Source:45)
	at com.osfans.trime.KeyboardView.<init>(Unknown Source:189)
	... 22 more
java.lang.NullPointerException: Attempt to invoke interface method 'java.lang.Object java.util.Map.get(java.lang.Object)' on a null object reference
	at com.osfans.trime.e.b(Unknown Source:16)
	at com.osfans.trime.KeyboardView.g(Unknown Source:45)
	at com.osfans.trime.KeyboardView.<init>(Unknown Source:189)
	at java.lang.reflect.Constructor.newInstance0(Native Method)
	at java.lang.reflect.Constructor.newInstance(Constructor.java:334)
	at android.view.LayoutInflater.createView(LayoutInflater.java:651)
	at android.view.LayoutInflater.createViewFromTag(LayoutInflater.java:794)
	at android.view.LayoutInflater.createViewFromTag(LayoutInflater.java:734)
	at android.view.LayoutInflater.inflate(LayoutInflater.java:496)
	at android.view.LayoutInflater.inflate(LayoutInflater.java:427)
	at android.view.LayoutInflater.inflate(LayoutInflater.java:374)
	at com.osfans.trime.Trime.onCreateInputView(Unknown Source:15)
	at android.inputmethodservice.InputMethodService.updateInputViewShown(InputMethodService.java:1262)
	at android.inputmethodservice.InputMethodService.showWindowInner(InputMethodService.java:1656)
	at android.inputmethodservice.InputMethodService.showWindow(InputMethodService.java:1624)
	at com.osfans.trime.Trime.showWindow(Unknown Source:0)
	at android.inputmethodservice.InputMethodService$InputMethodImpl.showSoftInput(InputMethodService.java:475)
	at android.inputmethodservice.IInputMethodWrapper.executeMessage(IInputMethodWrapper.java:196)
	at com.android.internal.os.HandlerCaller$MyHandler.handleMessage(HandlerCaller.java:37)
	at android.os.Handler.dispatchMessage(Handler.java:106)
	at android.os.Looper.loop(Looper.java:164)
	at android.app.ActivityThread.main(ActivityThread.java:6618)
	at java.lang.reflect.Method.invoke(Native Method)
	at com.android.internal.os.RuntimeInit$MethodAndArgsCaller.run(RuntimeInit.java:518)
	at com.android.internal.os.ZygoteInit.main(ZygoteInit.java:822)
