versionName=1.0.20200314
versionCode=1
BOARD=sdm710
BOOTLOADER=unknown
BRAND=Xiaomi
CPU_ABI=arm64-v8a
CPU_ABI2=
DEVICE=sirius
DISPLAY=OPM1.171019.019
FINGERPRINT=Xiaomi/sirius/sirius:8.1.0/OPM1.171019.019/V9.5.10.0.OEBCNFA:user/release-keys
HARDWARE=qcom
HOST=c3-miui-ota-bd148.bj
ID=OPM1.171019.019
IS_CONTAINER=false
IS_DEBUGGABLE=false
IS_EMULATOR=false
IS_ENG=false
IS_TREBLE_ENABLED=true
IS_USER=true
IS_USERDEBUG=false
MANUFACTURER=Xiaomi
MODEL=MI 8 SE
PERMISSIONS_REVIEW_REQUIRED=false
PRODUCT=sirius
RADIO=unknown
SERIAL=feab6adb
SUPPORTED_32_BIT_ABIS=[armeabi-v7a, armeabi]
SUPPORTED_64_BIT_ABIS=[arm64-v8a]
SUPPORTED_ABIS=[arm64-v8a, armeabi-v7a, armeabi]
TAG=Build
TAGS=release-keys
TIME=1531403018000
TYPE=user
UNKNOWN=unknown
USER=builder
ACTIVE_CODENAMES=[]
ALL_CODENAMES=[REL]
BASE_OS=
CODENAME=REL
INCREMENTAL=V9.5.10.0.OEBCNFA
PREVIEW_SDK_INT=0
RELEASE=8.1.0
RESOURCES_SDK_INT=27
SDK=27
SDK_INT=27
SECURITY_PATCH=2018-06-01
java.util.UnknownFormatConversionException: Conversion = '$'
	at java.util.Formatter$FormatSpecifier.conversion(Formatter.java:2781)
	at java.util.Formatter$FormatSpecifier.<init>(Formatter.java:2811)
	at java.util.Formatter$FormatSpecifierParser.<init>(Formatter.java:2624)
	at java.util.Formatter.parse(Formatter.java:2557)
	at java.util.Formatter.format(Formatter.java:2504)
	at java.util.Formatter.format(Formatter.java:2458)
	at java.lang.String.format(String.java:2770)
	at com.osfans.trime.Composition.a(Unknown Source:163)
	at com.osfans.trime.Composition.a(Unknown Source:76)
	at com.osfans.trime.Trime.updateComposing(Unknown Source:187)
	at com.osfans.trime.Trime.e(Unknown Source:109)
	at com.osfans.trime.Trime.n(Unknown Source:0)
	at com.osfans.trime.Xa.a(Unknown Source:2)
	at com.osfans.trime.Xa.onPostExecute(Unknown Source:2)
	at android.os.AsyncTask.finish(AsyncTask.java:695)
	at android.os.AsyncTask.-wrap1(Unknown Source:0)
	at android.os.AsyncTask$InternalHandler.handleMessage(AsyncTask.java:712)
	at android.os.Handler.dispatchMessage(Handler.java:106)
	at android.os.Looper.loop(Looper.java:164)
	at android.app.ActivityThread.main(ActivityThread.java:6618)
	at java.lang.reflect.Method.invoke(Native Method)
	at com.android.internal.os.RuntimeInit$MethodAndArgsCaller.run(RuntimeInit.java:518)
	at com.android.internal.os.ZygoteInit.main(ZygoteInit.java:822)
