versionName=1.0.20200314
versionCode=1
BOARD=sdm710
BOOTLOADER=unknown
BRAND=Xiaomi
CPU_ABI=arm64-v8a
CPU_ABI2=
DEVICE=sirius
DISPLAY=OPM1.171019.019
FINGERPRINT=Xiaomi/sirius/sirius:8.1.0/OPM1.171019.019/V9.5.10.0.OEBCNFA:user/release-keys
HARDWARE=qcom
HOST=c3-miui-ota-bd148.bj
ID=OPM1.171019.019
IS_CONTAINER=false
IS_DEBUGGABLE=false
IS_EMULATOR=false
IS_ENG=false
IS_TREBLE_ENABLED=true
IS_USER=true
IS_USERDEBUG=false
MANUFACTURER=Xiaomi
MODEL=MI 8 SE
PERMISSIONS_REVIEW_REQUIRED=false
PRODUCT=sirius
RADIO=unknown
SERIAL=feab6adb
SUPPORTED_32_BIT_ABIS=[armeabi-v7a, armeabi]
SUPPORTED_64_BIT_ABIS=[arm64-v8a]
SUPPORTED_ABIS=[arm64-v8a, armeabi-v7a, armeabi]
TAG=Build
TAGS=release-keys
TIME=1531403018000
TYPE=user
UNKNOWN=unknown
USER=builder
ACTIVE_CODENAMES=[]
ALL_CODENAMES=[REL]
BASE_OS=
CODENAME=REL
INCREMENTAL=V9.5.10.0.OEBCNFA
PREVIEW_SDK_INT=0
RELEASE=8.1.0
RESOURCES_SDK_INT=27
SDK=27
SDK_INT=27
SECURITY_PATCH=2018-06-01
java.lang.NullPointerException: Attempt to invoke interface method 'boolean java.util.Map.containsKey(java.lang.Object)' on a null object reference
	at com.osfans.trime.v.x(Unknown Source:164)
	at com.osfans.trime.v.n(Unknown Source:42)
	at com.osfans.trime.S.f(Unknown Source:23)
	at com.osfans.trime.S.a(Unknown Source:11)
	at com.osfans.trime.Trime.onStartInput(Unknown Source:93)
	at android.inputmethodservice.InputMethodService.doStartInput(InputMethodService.java:1823)
	at android.inputmethodservice.InputMethodService$InputMethodImpl.startInput(InputMethodService.java:424)
	at android.view.inputmethod.InputMethod.dispatchStartInputWithToken(InputMethod.java:186)
	at android.inputmethodservice.InputMethodService$InputMethodImpl.dispatchStartInputWithToken(InputMethodService.java:445)
	at android.inputmethodservice.IInputMethodWrapper.executeMessage(IInputMethodWrapper.java:175)
	at com.android.internal.os.HandlerCaller$MyHandler.handleMessage(HandlerCaller.java:37)
	at android.os.Handler.dispatchMessage(Handler.java:106)
	at android.os.Looper.loop(Looper.java:164)
	at android.app.ActivityThread.main(ActivityThread.java:6618)
	at java.lang.reflect.Method.invoke(Native Method)
	at com.android.internal.os.RuntimeInit$MethodAndArgsCaller.run(RuntimeInit.java:518)
	at com.android.internal.os.ZygoteInit.main(ZygoteInit.java:822)
