versionName=1.0.190926
versionCode=1
BOARD=sdm710
BOOTLOADER=unknown
BRAND=Xiaomi
CPU_ABI=arm64-v8a
CPU_ABI2=
DEVICE=sirius
DISPLAY=OPM1.171019.019
FINGERPRINT=Xiaomi/sirius/sirius:8.1.0/OPM1.171019.019/V9.5.10.0.OEBCNFA:user/release-keys
HARDWARE=qcom
HOST=c3-miui-ota-bd148.bj
ID=OPM1.171019.019
IS_CONTAINER=false
IS_DEBUGGABLE=false
IS_EMULATOR=false
IS_ENG=false
IS_TREBLE_ENABLED=true
IS_USER=true
IS_USERDEBUG=false
MANUFACTURER=Xiaomi
MODEL=MI 8 SE
PERMISSIONS_REVIEW_REQUIRED=false
PRODUCT=sirius
RADIO=unknown
SERIAL=feab6adb
SUPPORTED_32_BIT_ABIS=[armeabi-v7a, armeabi]
SUPPORTED_64_BIT_ABIS=[arm64-v8a]
SUPPORTED_ABIS=[arm64-v8a, armeabi-v7a, armeabi]
TAG=Build
TAGS=release-keys
TIME=1531403018000
TYPE=user
UNKNOWN=unknown
USER=builder
ACTIVE_CODENAMES=[]
ALL_CODENAMES=[REL]
BASE_OS=
CODENAME=REL
INCREMENTAL=V9.5.10.0.OEBCNFA
PREVIEW_SDK_INT=0
RELEASE=8.1.0
RESOURCES_SDK_INT=27
SDK=27
SDK_INT=27
SECURITY_PATCH=2018-06-01
java.lang.NullPointerException: Attempt to invoke interface method 'java.lang.Object java.util.Map.get(java.lang.Object)' on a null object reference
	at com.osfans.trime.e.c(Unknown Source:16)
	at com.osfans.trime.m.<init>(Unknown Source:168)
	at com.osfans.trime.m.<init>(Unknown Source:4)
	at com.osfans.trime.m.<init>(Unknown Source:8)
	at com.osfans.trime.n.b(Unknown Source:90)
	at com.osfans.trime.n.d(Unknown Source:21)
	at com.osfans.trime.n.f(Unknown Source:85)
	at com.osfans.trime.Trime.p(Unknown Source:12)
	at com.osfans.trime.Trime.initKeyboard(Unknown Source:0)
	at com.osfans.trime.t.onPostExecute(Unknown Source:11)
	at android.os.AsyncTask.finish(AsyncTask.java:695)
	at android.os.AsyncTask.-wrap1(Unknown Source:0)
	at android.os.AsyncTask$InternalHandler.handleMessage(AsyncTask.java:712)
	at android.os.Handler.dispatchMessage(Handler.java:106)
	at android.os.Looper.loop(Looper.java:164)
	at android.app.ActivityThread.main(ActivityThread.java:6618)
	at java.lang.reflect.Method.invoke(Native Method)
	at com.android.internal.os.RuntimeInit$MethodAndArgsCaller.run(RuntimeInit.java:518)
	at com.android.internal.os.ZygoteInit.main(ZygoteInit.java:822)
