--------- beginning of main
[ 04-10 10:10:40.806 14164:14224 I/native   ]
I/core_module.cc:20 registering core components.


[ 04-10 10:10:40.807 14164:14224 I/native   ]
I/registry.cc:14 registering component: config_builder


[ 04-10 10:10:40.807 14164:14224 I/native   ]
I/registry.cc:14 registering component: config


[ 04-10 10:10:40.807 14164:14224 I/native   ]
I/registry.cc:14 registering component: schema


[ 04-10 10:10:40.807 14164:14224 I/native   ]
I/registry.cc:14 registering component: user_config


[ 04-10 10:10:40.807 14164:14224 I/native   ]
I/dict_module.cc:25 registering components from module 'dict'.


[ 04-10 10:10:40.807 14164:14224 I/native   ]
I/registry.cc:14 registering component: tabledb


[ 04-10 10:10:40.807 14164:14224 I/native   ]
I/registry.cc:14 registering component: stabledb


[ 04-10 10:10:40.807 14164:14224 I/native   ]
I/registry.cc:14 registering component: plain_userdb


[ 04-10 10:10:40.807 14164:14224 I/native   ]
I/registry.cc:14 registering component: userdb


[ 04-10 10:10:40.807 14164:14224 I/native   ]
I/registry.cc:14 registering component: corrector


[ 04-10 10:10:40.807 14164:14224 I/native   ]
I/registry.cc:14 registering component: dictionary


[ 04-10 10:10:40.807 14164:14224 I/native   ]
I/registry.cc:14 registering component: reverse_lookup_dictionary


[ 04-10 10:10:40.807 14164:14224 I/native   ]
I/registry.cc:14 registering component: user_dictionary


[ 04-10 10:10:40.807 14164:14224 I/native   ]
I/registry.cc:14 registering component: userdb_recovery_task


[ 04-10 10:10:40.807 14164:14224 I/native   ]
I/gears_module.cc:43 registering components from module 'gears'.


[ 04-10 10:10:40.807 14164:14224 I/native   ]
I/registry.cc:14 registering component: ascii_composer


[ 04-10 10:10:40.807 14164:14224 I/native   ]
I/registry.cc:14 registering component: chord_composer


[ 04-10 10:10:40.807 14164:14224 I/native   ]
I/registry.cc:14 registering component: express_editor


[ 04-10 10:10:40.807 14164:14224 I/native   ]
I/registry.cc:14 registering component: fluid_editor


[ 04-10 10:10:40.807 14164:14224 I/native   ]
I/registry.cc:14 registering component: fluency_editor


[ 04-10 10:10:40.807 14164:14224 I/native   ]
I/registry.cc:14 registering component: key_binder


[ 04-10 10:10:40.807 14164:14224 I/native   ]
I/registry.cc:14 registering component: navigator


[ 04-10 10:10:40.807 14164:14224 I/native   ]
I/registry.cc:14 registering component: punctuator


[ 04-10 10:10:40.807 14164:14224 I/native   ]
I/registry.cc:14 registering component: recognizer


[ 04-10 10:10:40.807 14164:14224 I/native   ]
I/registry.cc:14 registering component: selector


[ 04-10 10:10:40.807 14164:14224 I/native   ]
I/registry.cc:14 registering component: speller


[ 04-10 10:10:40.807 14164:14224 I/native   ]
I/registry.cc:14 registering component: shape_processor


[ 04-10 10:10:40.807 14164:14224 I/native   ]
I/registry.cc:14 registering component: abc_segmentor


[ 04-10 10:10:40.807 14164:14224 I/native   ]
I/registry.cc:14 registering component: affix_segmentor


[ 04-10 10:10:40.807 14164:14224 I/native   ]
I/registry.cc:14 registering component: ascii_segmentor


[ 04-10 10:10:40.807 14164:14224 I/native   ]
I/registry.cc:14 registering component: matcher


[ 04-10 10:10:40.807 14164:14224 I/native   ]
I/registry.cc:14 registering component: punct_segmentor


[ 04-10 10:10:40.807 14164:14224 I/native   ]
I/registry.cc:14 registering component: fallback_segmentor


[ 04-10 10:10:40.807 14164:14224 I/native   ]
I/registry.cc:14 registering component: echo_translator


[ 04-10 10:10:40.807 14164:14224 I/native   ]
I/registry.cc:14 registering component: punct_translator


[ 04-10 10:10:40.807 14164:14224 I/native   ]
I/registry.cc:14 registering component: table_translator


[ 04-10 10:10:40.807 14164:14224 I/native   ]
I/registry.cc:14 registering component: script_translator


[ 04-10 10:10:40.807 14164:14224 I/native   ]
I/registry.cc:14 registering component: r10n_translator


[ 04-10 10:10:40.807 14164:14224 I/native   ]
I/registry.cc:14 registering component: reverse_lookup_translator


[ 04-10 10:10:40.807 14164:14224 I/native   ]
I/registry.cc:14 registering component: schema_list_translator


[ 04-10 10:10:40.807 14164:14224 I/native   ]
I/registry.cc:14 registering component: switch_translator


[ 04-10 10:10:40.807 14164:14224 I/native   ]
I/registry.cc:14 registering component: codepoint_translator


[ 04-10 10:10:40.807 14164:14224 I/native   ]
I/registry.cc:14 registering component: history_translator


[ 04-10 10:10:40.807 14164:14224 I/native   ]
I/registry.cc:14 registering component: simplifier


[ 04-10 10:10:40.807 14164:14224 I/native   ]
I/registry.cc:14 registering component: uniquifier


[ 04-10 10:10:40.807 14164:14224 I/native   ]
I/registry.cc:14 registering component: charset_filter


[ 04-10 10:10:40.807 14164:14224 I/native   ]
I/registry.cc:14 registering component: cjk_minifier


[ 04-10 10:10:40.807 14164:14224 I/native   ]
I/registry.cc:14 registering component: reverse_lookup_filter


[ 04-10 10:10:40.807 14164:14224 I/native   ]
I/registry.cc:14 registering component: single_char_filter


[ 04-10 10:10:40.807 14164:14224 I/native   ]
I/registry.cc:14 registering component: shape_formatter


[ 04-10 10:10:40.807 14164:14224 I/native   ]
I/modules.cc:32 registering components from module 'lua'.


[ 04-10 10:10:40.808 14164:14224 I/native   ]
I/modules.cc:24 rime.lua error: cannot open /storage/emulated/0/rime/rime.lua: No such file or directory


[ 04-10 10:10:40.808 14164:14224 I/native   ]
I/registry.cc:14 registering component: lua_translator


[ 04-10 10:10:40.808 14164:14224 I/native   ]
I/registry.cc:14 registering component: lua_filter


[ 04-10 10:10:40.808 14164:14224 I/native   ]
I/registry.cc:14 registering component: lua_segmentor


[ 04-10 10:10:40.808 14164:14224 I/native   ]
I/registry.cc:14 registering component: lua_processor


[ 04-10 10:10:40.808 14164:14224 I/native   ]
I/grammar_module.cc:14 registering components from module 'grammar'.


[ 04-10 10:10:40.808 14164:14224 I/native   ]
I/registry.cc:14 registering component: grammar


[ 04-10 10:10:40.808 14164:14224 I/native   ]
I/levers_module.cc:23 registering components from module 'levers'.


[ 04-10 10:10:40.808 14164:14224 I/native   ]
I/registry.cc:14 registering component: detect_modifications


[ 04-10 10:10:40.808 14164:14224 I/native   ]
I/registry.cc:14 registering component: installation_update


[ 04-10 10:10:40.808 14164:14224 I/native   ]
I/registry.cc:14 registering component: workspace_update


[ 04-10 10:10:40.808 14164:14224 I/native   ]
I/registry.cc:14 registering component: schema_update


[ 04-10 10:10:40.808 14164:14224 I/native   ]
I/registry.cc:14 registering component: config_file_update


[ 04-10 10:10:40.808 14164:14224 I/native   ]
I/registry.cc:14 registering component: prebuild_all_schemas


[ 04-10 10:10:40.808 14164:14224 I/native   ]
I/registry.cc:14 registering component: user_dict_upgrade


[ 04-10 10:10:40.808 14164:14224 I/native   ]
I/registry.cc:14 registering component: cleanup_trash


[ 04-10 10:10:40.808 14164:14224 I/native   ]
I/registry.cc:14 registering component: user_dict_sync


[ 04-10 10:10:40.808 14164:14224 I/native   ]
I/registry.cc:14 registering component: backup_config_files


[ 04-10 10:10:40.808 14164:14224 I/native   ]
I/registry.cc:14 registering component: clean_old_log_files


[ 04-10 10:10:40.808 14164:14224 I/native   ]
I/deployment_tasks.cc:80 updating rime installation info.


[ 04-10 10:10:40.808 14164:14224 I/native   ]
I/config_data.cc:65 loading config file '/storage/emulated/0/rime/installation.yaml'.


[ 04-10 10:10:40.809 14164:14224 I/native   ]
I/deployment_tasks.cc:98 installation info exists. installation id: 17691996-b156-4999-adde-0555e7cdb6ee


[ 04-10 10:10:40.809 14164:14224 I/native   ]
I/deployment_tasks.cc:106 sync dir: /storage/emulated/0/rime/sync


[ 04-10 10:10:40.809 14164:14224 I/native   ]
I/deployment_tasks.cc:114 previous Rime version: 1.5.3


[ 04-10 10:10:40.809 14164:14224 I/native   ]
I/deployer.cc:114 starting work thread for 3 tasks.


[ 04-10 10:10:40.809 14164:14311 I/native   ]
I/deployer.cc:83 running deployment tasks:


[ 04-10 10:10:40.809 14164:14311 I/native   ]
I/deployment_tasks.cc:160 updating workspace.


[ 04-10 10:10:40.809 14164:14311 I/native   ]
I/config_data.cc:65 loading config file '/storage/emulated/0/rime/build/default.yaml'.


[ 04-10 10:10:40.811 14164:14311 I/native   ]
I/config_data.cc:65 loading config file '/storage/emulated/0/rime/build/default.yaml'.


[ 04-10 10:10:40.812 14164:14311 I/native   ]
I/deployment_tasks.cc:183 updating schemas.


[ 04-10 10:10:40.813 14164:14311 I/native   ]
I/deployment_tasks.cc:193 schema: wubi86_jidian_pinyin


[ 04-10 10:10:40.813 14164:14311 I/native   ]
I/config_data.cc:65 loading config file '/storage/emulated/0/rime/wubi86_jidian_pinyin.schema.yaml'.


[ 04-10 10:10:40.814 14164:14311 I/native   ]
I/config_data.cc:65 loading config file '/storage/emulated/0/rime/build/wubi86_jidian_pinyin.schema.yaml'.


[ 04-10 10:10:40.839 14164:14311 I/native   ]
I/config_data.cc:65 loading config file '/storage/emulated/0/rime/build/wubi86_jidian_pinyin.schema.yaml'.


[ 04-10 10:10:40.860 14164:14311 I/native   ]
I/deployment_tasks.cc:358 preparing dictionary 'wubi86_jidian'.


[ 04-10 10:10:40.861 14164:14311 I/native   ]
I/dict_compiler.cc:41 compiling dictionary for /storage/emulated/0/rime/build/wubi86_jidian_pinyin.schema.yaml


[ 04-10 10:10:40.861 14164:14311 I/native   ]
I/dict_compiler.cc:56 dict name: wubi86_jidian


[ 04-10 10:10:40.861 14164:14311 I/native   ]
I/dict_compiler.cc:57 dict version: 4.3


[ 04-10 10:10:40.874 14164:14311 I/native   ]
I/table.cc:299 loading table file: /storage/emulated/0/rime/build/wubi86_jidian.table.bin


[ 04-10 10:10:40.876 14164:14311 I/native   ]
I/prism.cc:77 loading prism file: /storage/emulated/0/rime/build/wubi86_jidian.prism.bin


[ 04-10 10:10:40.876 14164:14311 I/native   ]
I/prism.cc:107 found double array image of size 163328.


[ 04-10 10:10:40.876 14164:14311 I/native   ]
I/dict_compiler.cc:109 /storage/emulated/0/rime/wubi86_jidian.dict.yaml[9 file(s)] (3163998759)


[ 04-10 10:10:40.876 14164:14311 I/native   ]
I/dict_compiler.cc:111 /storage/emulated/0/rime/build/wubi86_jidian_pinyin.schema.yaml (2264081987)


[ 04-10 10:10:40.876 14164:14311 I/native   ]
I/reverse_lookup_dictionary.cc:33 loading reversedb: /storage/emulated/0/rime/build/wubi86_jidian.reverse.bin


[ 04-10 10:10:40.876 14164:14311 I/native   ]
I/deployment_tasks.cc:376 dictionary 'wubi86_jidian' is ready.


[ 04-10 10:10:40.877 14164:14311 I/native   ]
I/config_data.cc:65 loading config file '/storage/emulated/0/rime/build/wubi86_jidian_pinyin.schema.yaml'.


[ 04-10 10:10:40.898 14164:14311 I/native   ]
I/deployment_tasks.cc:193 schema: pinyin_simp


[ 04-10 10:10:40.899 14164:14311 I/native   ]
I/config_data.cc:65 loading config file '/storage/emulated/0/rime/pinyin_simp.schema.yaml'.


[ 04-10 10:10:40.900 14164:14311 I/native   ]
I/config_data.cc:65 loading config file '/storage/emulated/0/rime/build/pinyin_simp.schema.yaml'.


[ 04-10 10:10:40.922 14164:14311 I/native   ]
I/config_data.cc:65 loading config file '/storage/emulated/0/rime/build/pinyin_simp.schema.yaml'.


[ 04-10 10:10:40.944 14164:14311 I/native   ]
I/deployment_tasks.cc:358 preparing dictionary 'pinyin_simp'.


[ 04-10 10:10:40.944 14164:14311 I/native   ]
I/dict_compiler.cc:41 compiling dictionary for /storage/emulated/0/rime/build/pinyin_simp.schema.yaml


[ 04-10 10:10:40.944 14164:14311 I/native   ]
I/dict_compiler.cc:56 dict name: pinyin_simp


[ 04-10 10:10:40.944 14164:14311 I/native   ]
I/dict_compiler.cc:57 dict version: 0.1


[ 04-10 10:10:41.338 14164:14311 I/native   ]
I/table.cc:299 loading table file: /storage/emulated/0/rime/build/pinyin_simp.table.bin


[ 04-10 10:10:41.338 14164:14311 I/native   ]
I/prism.cc:77 loading prism file: /storage/emulated/0/rime/build/pinyin_simp.prism.bin


[ 04-10 10:10:41.338 14164:14311 I/native   ]
I/prism.cc:107 found double array image of size 1280.


[ 04-10 10:10:41.338 14164:14311 I/native   ]
I/dict_compiler.cc:109 /storage/emulated/0/rime/pinyin_simp.dict.yaml[1 file(s)] (2420501598)


[ 04-10 10:10:41.338 14164:14311 I/native   ]
I/dict_compiler.cc:111 /storage/emulated/0/rime/build/pinyin_simp.schema.yaml (1989533735)


[ 04-10 10:10:41.338 14164:14311 I/native   ]
I/reverse_lookup_dictionary.cc:33 loading reversedb: /storage/emulated/0/rime/build/pinyin_simp.reverse.bin


[ 04-10 10:10:41.338 14164:14311 I/native   ]
I/deployment_tasks.cc:376 dictionary 'pinyin_simp' is ready.


[ 04-10 10:10:41.340 14164:14311 I/native   ]
I/deployment_tasks.cc:241 finished updating schemas: 2 success, 0 failure.


[ 04-10 10:10:41.340 14164:14311 I/native   ]
I/config_data.cc:65 loading config file '/storage/emulated/0/rime/user.yaml'.


[ 04-10 10:10:41.340 14164:14311 I/native   ]
I/config_data.cc:199 write: var/last_build_time


[ 04-10 10:10:41.340 14164:14311 I/native   ]
I/config_data.cc:85 saving config file '/storage/emulated/0/rime/user.yaml'.


[ 04-10 10:10:41.340 14164:14311 I/native   ]
I/deployment_tasks.cc:591 clean up trash.


[ 04-10 10:10:41.341 14164:14311 I/native   ]
I/deployer.cc:95 3 tasks ran: 3 success, 0 failure.


[ 04-10 10:10:41.341 14164:14224 I/native   ]
I/config_data.cc:65 loading config file '/storage/emulated/0/rime/build/default.yaml'.


[ 04-10 10:10:41.343 14164:14224 I/native   ]
I/engine.cc:71 starting engine.


[ 04-10 10:10:41.343 14164:14224 I/native   ]
I/config_data.cc:65 loading config file '/storage/emulated/0/rime/user.yaml'.


[ 04-10 10:10:41.344 14164:14224 I/native   ]
I/engine.cc:126 updated option: ascii_punct


[ 04-10 10:10:41.344 14164:14224 I/native   ]
I/engine.cc:126 updated option: extended_charset


[ 04-10 10:10:41.344 14164:14224 I/native   ]
I/engine.cc:126 updated option: full_shape


[ 04-10 10:10:41.344 14164:14224 I/native   ]
I/config_data.cc:65 loading config file '/storage/emulated/0/rime/build/wubi86_jidian_pinyin.schema.yaml'.


[ 04-10 10:10:41.370 14164:14224 I/native   ]
I/engine.cc:126 updated option: _auto_commit


[ 04-10 10:10:41.370 14164:14224 I/native   ]
I/dictionary.cc:261 loading dictionary 'wubi86_jidian'.


[ 04-10 10:10:41.370 14164:14224 I/native   ]
I/table.cc:299 loading table file: /storage/emulated/0/rime/build/wubi86_jidian.table.bin


[ 04-10 10:10:41.370 14164:14224 I/native   ]
I/prism.cc:77 loading prism file: /storage/emulated/0/rime/build/wubi86_jidian.prism.bin


[ 04-10 10:10:41.370 14164:14224 I/native   ]
I/prism.cc:107 found double array image of size 163328.


[ 04-10 10:10:41.370 14164:14224 I/native   ]
I/tsv.cc:17 reading tsv file: /storage/emulated/0/rime/user.txt


[ 04-10 10:10:41.388 14164:14224 I/native   ]
I/reverse_lookup_dictionary.cc:33 loading reversedb: /storage/emulated/0/rime/build/wubi86_jidian.reverse.bin


[ 04-10 10:10:41.389 14164:14224 I/native   ]
I/engine.cc:126 updated option: ascii_mode


[ 04-10 10:10:41.389 14164:14224 I/native   ]
I/engine.cc:126 updated option: emoji_cn


[ 04-10 10:10:41.389 14164:14224 I/native   ]
I/engine.cc:126 updated option: CnEnglish


[ 04-10 10:10:41.389 14164:14224 I/native   ]
I/engine.cc:126 updated option: _hide_candidate


[ 04-10 10:10:41.390 14164:14224 W/rime     ]
full_check: 

